Removed Member From Class: ClassName=ankle_sch Member=board3
Added Component: Designator=board4(nrf24)
Add component: Footprint Not Found Model Name
Added Component: Designator=board6(max30102)
Added Component: Designator=board7(Adafruit_Feather_STM32F405)
Added Component: Designator=board?(Adafruit_Feather_STM32F405)
Added Pin To Net: NetName=3V3 Pin=board1-1
Added Pin To Net: NetName=3V3 Pin=board4-1
Added Pin To Net: NetName=3V3 Pin=board7-14
Added Pin To Net: NetName=3V3 Pin=board7-15
Added Pin To Net: NetName=3V3 Pin=board?-14
Added Pin To Net: NetName=3V3 Pin=board?-15
Added Net: Name=3V3
Added Pin To Net: NetName=5V0 Pin=board2-1
Added Pin To Net: NetName=5V0 Pin=board6-1
Added Pin To Net: NetName=5V0 Pin=board7-17
Added Pin To Net: NetName=5V0 Pin=board7-19
Added Pin To Net: NetName=5V0 Pin=board?-17
Added Pin To Net: NetName=5V0 Pin=board?-19
Added Net: Name=5V0
Added Pin To Net: NetName=CE Pin=board1-2
Added Pin To Net: NetName=CE Pin=board4-2
Added Pin To Net: NetName=CE Pin=board7-25
Added Pin To Net: NetName=CE Pin=board?-25
Added Net: Name=CE
Added Pin To Net: NetName=CSN Pin=board1-3
Added Pin To Net: NetName=CSN Pin=board4-3
Added Pin To Net: NetName=CSN Pin=board7-22
Added Pin To Net: NetName=CSN Pin=board?-22
Added Net: Name=CSN
Added Pin To Net: NetName=CS Pin=board7-24
Added Pin To Net: NetName=CS Pin=board?-24
Added Net: Name=CS
Added Pin To Net: NetName=GND Pin=board1-8
Added Pin To Net: NetName=GND Pin=board2-2
Added Pin To Net: NetName=GND Pin=board2-7
Added Pin To Net: NetName=GND Pin=board4-8
Added Pin To Net: NetName=GND Pin=board6-7
Added Pin To Net: NetName=GND Pin=board7-13
Added Pin To Net: NetName=GND Pin=board?-13
Added Net: Name=GND
Added Pin To Net: NetName=MISO Pin=board1-6
Added Pin To Net: NetName=MISO Pin=board4-6
Added Pin To Net: NetName=MISO Pin=board7-4
Added Pin To Net: NetName=MISO Pin=board?-4
Added Net: Name=MISO
Added Pin To Net: NetName=MOSI Pin=board1-5
Added Pin To Net: NetName=MOSI Pin=board4-5
Added Pin To Net: NetName=MOSI Pin=board7-5
Added Pin To Net: NetName=MOSI Pin=board?-5
Added Net: Name=MOSI
Added Pin To Net: NetName=SCK Pin=board1-4
Added Pin To Net: NetName=SCK Pin=board4-4
Added Pin To Net: NetName=SCK Pin=board7-6
Added Pin To Net: NetName=SCK Pin=board?-6
Added Net: Name=SCK
Added Pin To Net: NetName=SCL Pin=board2-3
Added Pin To Net: NetName=SCL Pin=board6-2
Added Pin To Net: NetName=SCL Pin=board7-27
Added Pin To Net: NetName=SCL Pin=board?-27
Added Net: Name=SCL
Added Pin To Net: NetName=SDA Pin=board2-4
Added Pin To Net: NetName=SDA Pin=board6-3
Added Pin To Net: NetName=SDA Pin=board7-28
Added Pin To Net: NetName=SDA Pin=board?-28
Added Net: Name=SDA
Added Member To Class: ClassName=wrist_sch Member=Component board4 NRF24
Add Class Member: Failed to add class member : Component board5 MICROSD
Added Member To Class: ClassName=wrist_sch Member=Component board6 MAX30102
Added Member To Class: ClassName=wrist_sch Member=Component board7 Adafruit_Feather_STM32F405
Added Member To Class: ClassName=ankle_sch Member=Component board? Adafruit_Feather_STM32F405
Add Class Member: Failed to add class member : Component C1 Capacitor
Add Class Member: Failed to add class member : Component C2 Capacitor
Added Rule: Name=Schematic Supply Nets
Added Rule: Name=Schematic Supply Nets_1
Added Rule: Name=Schematic Supply Nets_2
