Change Footprint: Footprint Not Found Model Name
Change Component Designator: OldDesignator=board8 NewDesignator=board5
Added Component: Designator=board1(nrf24)
Added Component: Designator=board2(mpu6050)
Added Component: Designator=board3(Adafruit_Feather_STM32F405)
Added Pin To Net: NetName=3V3 Pin=board4-1
Added Pin To Net: NetName=3V3 Pin=board5-1
Added Net: Name=3V3
Added Pin To Net: NetName=5V0 Pin=board6-1
Added Net: Name=5V0
Added Pin To Net: NetName=CE Pin=board4-2
Added Net: Name=CE
Added Pin To Net: NetName=CSN Pin=board4-3
Added Net: Name=CSN
Added Pin To Net: NetName=CS Pin=board5-3
Added Net: Name=CS
Added Pin To Net: NetName=GND Pin=board4-8
Added Pin To Net: NetName=GND Pin=board5-2
Added Pin To Net: NetName=GND Pin=board6-7
Added Net: Name=GND
Added Pin To Net: NetName=MISO Pin=board4-6
Added Pin To Net: NetName=MISO Pin=board5-6
Added Net: Name=MISO
Added Pin To Net: NetName=MOSI Pin=board4-5
Added Pin To Net: NetName=MOSI Pin=board5-5
Added Net: Name=MOSI
Added Pin To Net: NetName=SCK Pin=board4-4
Added Pin To Net: NetName=SCK Pin=board5-4
Added Net: Name=SCK
Added Pin To Net: NetName=SCL Pin=board6-2
Added Net: Name=SCL
Added Pin To Net: NetName=SDA Pin=board6-3
Added Net: Name=SDA
Added Member To Class: ClassName=ankle_sch Member=Component board1 NRF24
Added Member To Class: ClassName=ankle_sch Member=Component board2 MPUU6050
Added Member To Class: ClassName=ankle_sch Member=Component board3 Adafruit_Feather_STM32F405
Added Rule: Name=Schematic Supply Nets
Added Rule: Name=Schematic Supply Nets_1
Added Rule: Name=Schematic Supply Nets_2
